生成启动时间为 2015/5/20 18:45:58。
     1>项目“D:\CPPProject\_ALL\FinalClass\FinalClass.vcxproj”在节点 2 上(Rebuild 个目标)。
     1>ClCompile:
         C:\Program Files (x86)\Microsoft Visual Studio 12.0\VC\bin\CL.exe /c /ZI /nologo /W3 /WX- /sdl /Od /Oy- /D WIN32 /D _DEBUG /D _CONSOLE /D _LIB /D _UNICODE /D UNICODE /Gm /EHsc /RTC1 /MDd /GS /fp:precise /Zc:wchar_t /Zc:forScope /Yc"stdafx.h" /Fp"Debug\FinalClass.pch" /Fo"Debug\\" /Fd"Debug\vc120.pdb" /Gd /TP /analyze- /errorReport:prompt stdafx.cpp
         stdafx.cpp
         C:\Program Files (x86)\Microsoft Visual Studio 12.0\VC\bin\CL.exe /c /ZI /nologo /W3 /WX- /sdl /Od /Oy- /D WIN32 /D _DEBUG /D _CONSOLE /D _LIB /D _UNICODE /D UNICODE /Gm /EHsc /RTC1 /MDd /GS /fp:precise /Zc:wchar_t /Zc:forScope /Yu"stdafx.h" /Fp"Debug\FinalClass.pch" /Fo"Debug\\" /Fd"Debug\vc120.pdb" /Gd /TP /analyze- /errorReport:prompt FinalClass.cpp
         FinalClass.cpp
       Link:
         C:\Program Files (x86)\Microsoft Visual Studio 12.0\VC\bin\link.exe /ERRORREPORT:PROMPT /OUT:"D:\CPPProject\_ALL\Debug\FinalClass.exe" /INCREMENTAL /NOLOGO kernel32.lib user32.lib gdi32.lib winspool.lib comdlg32.lib advapi32.lib shell32.lib ole32.lib oleaut32.lib uuid.lib odbc32.lib odbccp32.lib /MANIFEST /MANIFESTUAC:"level='asInvoker' uiAccess='false'" /manifest:embed /DEBUG /PDB:"D:\CPPProject\_ALL\Debug\FinalClass.pdb" /SUBSYSTEM:CONSOLE /TLBID:1 /DYNAMICBASE /NXCOMPAT /IMPLIB:"D:\CPPProject\_ALL\Debug\FinalClass.lib" /MACHINE:X86 Debug\FinalClass.obj
         Debug\stdafx.obj
     1>FinalClass.obj : error LNK2019: 无法解析的外部符号 "public: __thiscall DeriveClass::DeriveClass(void)" (??0DeriveClass@@QAE@XZ)，该符号在函数 _wmain 中被引用
     1>FinalClass.obj : error LNK2019: 无法解析的外部符号 "public: __thiscall DeriveClass::~DeriveClass(void)" (??1DeriveClass@@QAE@XZ)，该符号在函数 _wmain 中被引用
     1>D:\CPPProject\_ALL\Debug\FinalClass.exe : fatal error LNK1120: 2 个无法解析的外部命令
     1>已完成生成项目“D:\CPPProject\_ALL\FinalClass\FinalClass.vcxproj”(Rebuild 个目标)的操作 - 失败。

生成失败。

已用时间 00:00:01.52
